Starting Dynare (version 4.4.3).
Starting preprocessing of the model file ...
Found 5 equation(s).
Evaluating expressions...done
Computing static model derivatives:
 - order 1
Computing dynamic model derivatives:
 - order 1
Processing outputs ...done
Preprocessing completed.
Starting MATLAB/Octave computing.

EIGENVALUES:
         Modulus             Real        Imaginary

          0.3565           0.3565                0
             0.5              0.5                0
          0.6075           0.4051           0.4528
          0.6075           0.4051          -0.4528
           1.026            1.026                0
             Inf              Inf                0


There are 2 eigenvalue(s) larger than 1 in modulus 
for 2 forward-looking variable(s)

The rank condition is verified.


MODEL SUMMARY

  Number of variables:         5
  Number of stochastic shocks: 3
  Number of state variables:   4
  Number of jumpers:           2
  Number of static variables:  0


MATRIX OF COVARIANCE OF EXOGENOUS SHOCKS

Variables     e_ee      e_pc      e_out  
e_ee         0.010000  0.000000  0.000000
e_pc         0.000000  0.010000  0.000000
e_out        0.000000  0.000000  0.010000

POLICY AND TRANSITION FUNCTIONS
                                  z               c               m               infl            output
Constant                   80.000000        1.000000       40.000000               0        1.000000
z(-1)                    -640.025641        0.008981     -319.971480       15.215827               0
m(-1)                    1282.051282        0.000023      640.942258      -30.448740               0
output(-1)                         0               0        0.011700        0.474999        0.500000
infl(-1)                           0               0        0.002053        0.250000               0
e_ee                               0       -0.719424        0.005612        0.683453               0
e_pc                               0               0        0.008211        1.000000               0
e_out                              0        0.000001        0.023400        0.949999        1.000000


THEORETICAL MOMENTS

VARIABLE      MEAN    STD. DEV.   VARIANCE 
z             80.0000     7.2883    53.1191
c              1.0000     0.0973     0.0095
m             40.0000     3.6431    13.2721
infl           0.0000     0.1637     0.0268
output         1.0000     0.1155     0.0133



VARIANCE DECOMPOSITION (in percent)

          e_ee   e_pc  e_out 
z          2.85   6.10  91.05
c         55.94   2.77  41.29
m          2.85   6.10  91.05
infl      17.92  38.37  43.71
output     0.00   0.00 100.00



COEFFICIENTS OF AUTOCORRELATION

Order       1       2       3       4       5   
z         0.8139  0.4598  0.1631  0.0101 -0.0273
c         0.3691  0.1594  0.0166 -0.0299 -0.0215
m         0.8141  0.4602  0.1634  0.0103 -0.0273
infl      0.0520 -0.2228 -0.1230  0.0297  0.0962
output    0.5000  0.2500  0.1250  0.0625  0.0312
Total computing time : 0h00m05s
Note: warning(s) encountered in MATLAB/Octave code
