Starting Dynare (version 4.4.3).
Starting preprocessing of the model file ...
Found 8 equation(s).
Evaluating expressions...done
Computing static model derivatives:
 - order 1
Computing dynamic model derivatives:
 - order 1
Processing outputs ...done
Preprocessing completed.
Starting MATLAB/Octave computing.

EIGENVALUES:
         Modulus             Real        Imaginary

          0.2981           0.2981                0
            0.85             0.85                0
          0.8961           0.8961                0
            0.95             0.95                0
            0.95             0.95                0
           1.094            1.094                0
           3.511            3.511                0


There are 2 eigenvalue(s) larger than 1 in modulus 
for 2 forward-looking variable(s)

The rank condition is verified.


MODEL SUMMARY

  Number of variables:         8
  Number of stochastic shocks: 4
  Number of state variables:   5
  Number of jumpers:           2
  Number of static variables:  1


MATRIX OF COVARIANCE OF EXOGENOUS SHOCKS

Variables    shock_e_ee  shock_e_pc     e_out     shock_pol 
shock_e_ee      0.010000    0.000000    0.000000    0.000000
shock_e_pc      0.000000    0.010000    0.000000    0.000000
e_out           0.000000    0.000000    0.000100    0.000000
shock_pol       0.000000    0.000000    0.000000    0.010000

POLICY AND TRANSITION FUNCTIONS
                                  z               c               m               infl            output          e_ee            e_pc            s     
Constant                   80.000000        1.000000       40.000000               0        1.000000               0               0               0
z(-1)                       0.880455        0.001542       -0.984830        0.002181               0               0               0        0.001904
output(-1)                 22.361365        0.633064      294.419368       -0.434509        0.950000               0               0       -0.377461
e_ee(-1)                  218.133052       -3.091684     2872.033830       -4.238598               0        0.950000               0       -3.682095
e_pc(-1)                 -107.293263        0.695135     -929.708795        2.167059               0               0        0.850000        1.191934
s(-1)                       4.782912       -0.208550     -244.681593       -0.223845               0               0               0        0.313694
shock_e_ee                229.613739       -3.254404     3023.193505       -4.461682               0        1.000000               0       -3.875889
shock_e_pc               -126.227368        0.817806    -1093.775053        2.549481               0               0        1.000000        1.402276
e_out                      23.538278        0.666383      309.915124       -0.457378        1.000000               0               0       -0.397327
shock_pol                   9.565824       -0.417100     -489.363185       -0.447689               0               0               0        0.627389


MOMENTS OF SIMULATED VARIABLES

VARIABLE        MEAN        STD. DEV.       VARIANCE       SKEWNESS       KURTOSIS   
z               71.167908     531.697053  282701.756673       0.084971       0.017550
c                0.997417       0.473985       0.224662      -0.012029      -0.044262
m               38.935775     883.817499  781133.372169       0.057846      -0.033780
infl             0.001395       0.749929       0.562393      -0.013481       0.004498
output           0.999513       0.032316       0.001044       0.047799       0.079878
e_ee            -0.002285       0.324247       0.105136       0.104697       0.013980
e_pc             0.003621       0.188414       0.035500      -0.048001       0.137397
s               -0.004326       1.058234       1.119860      -0.024708      -0.023087


AUTOCORRELATION OF SIMULATED VARIABLES

VARIABLE      1       2       3       4       5   
z           0.9966  0.9881  0.9752  0.9588  0.9396
c           0.6817  0.5284  0.4347  0.3587  0.2977
m           0.9221  0.8116  0.7026  0.6029  0.5150
infl        0.7156  0.5571  0.4495  0.3598  0.2877
output      0.9507  0.9039  0.8598  0.8179  0.7777
e_ee        0.9513  0.9052  0.8616  0.8199  0.7804
e_pc        0.8475  0.7192  0.6078  0.5128  0.4330
s           0.9094  0.7839  0.6611  0.5494  0.4514
Total computing time : 0h00m07s
Note: warning(s) encountered in MATLAB/Octave code
